<?xml version="1.0" encoding="UTF-8"?>
<testsuite xmlns:xsi="http://www.w3.org/2001/XMLSchema-instance" xsi:noNamespaceSchemaLocation="https://maven.apache.org/surefire/maven-surefire-plugin/xsd/surefire-test-report-3.0.xsd" version="3.0" name="com.tuempresa.prototiposalon.integracion.CitaFlowIntegrationTest" time="0.036" tests="5" errors="0" skipped="0" failures="0">
  <properties>
[...]
</properties>
  <testcase name="testReservarCitaSinConflicto" classname="com.tuempresa.prototiposalon.integracion.CitaFlowIntegrationTest" time="0.011"/>
  <testcase name="testReservarCitaConConflicto" classname="com.tuempresa.prototiposalon.integracion.CitaFlowIntegrationTest" time="0.001"/>
  <testcase name="testCantidadCitasDespuesIntentoConflicto" classname="com.tuempresa.prototiposalon.integracion.CitaFlowIntegrationTest" time="0.001"/>
  <testcase name="testCancelarCitaExistente" classname="com.tuempresa.prototiposalon.integracion.CitaFlowIntegrationTest" time="0"/>
  <testcase name="testCancelarCitaYaCancelada" classname="com.tuempresa.prototiposalon.integracion.CitaFlowIntegrationTest" time="0.001"/>
</testsuite>